<!DOCTYPE html>
<html>
<head>
<meta http-equiv="Content-Type" content="text/html; charset=utf-8"/>
<meta http-equiv="x-ua-compatible" content="IE=edge"/>
<title>Test results - Class com.phonebook.tests.LoginTests</title>
<link href="../css/base-style.css" rel="stylesheet" type="text/css"/>
<link href="../css/style.css" rel="stylesheet" type="text/css"/>
<script src="../js/report.js" type="text/javascript"></script>
</head>
<body>
<div id="content">
<h1>Class com.phonebook.tests.LoginTests</h1>
<div class="breadcrumbs">
<a href="../index.html">all</a> &gt; 
<a href="../packages/com.phonebook.tests.html">com.phonebook.tests</a> &gt; LoginTests</div>
<div id="summary">
<table>
<tr>
<td>
<div class="summaryGroup">
<table>
<tr>
<td>
<div class="infoBox" id="tests">
<div class="counter">1</div>
<p>tests</p>
</div>
</td>
<td>
<div class="infoBox" id="failures">
<div class="counter">0</div>
<p>failures</p>
</div>
</td>
<td>
<div class="infoBox" id="ignored">
<div class="counter">0</div>
<p>ignored</p>
</div>
</td>
<td>
<div class="infoBox" id="duration">
<div class="counter">4.315s</div>
<p>duration</p>
</div>
</td>
</tr>
</table>
</div>
</td>
<td>
<div class="infoBox success" id="successRate">
<div class="percent">100%</div>
<p>successful</p>
</div>
</td>
</tr>
</table>
</div>
<div id="tabs">
<ul class="tabLinks">
<li>
<a href="#tab0">Tests</a>
</li>
<li>
<a href="#tab1">Standard output</a>
</li>
</ul>
<div id="tab0" class="tab">
<h2>Tests</h2>
<table>
<thead>
<tr>
<th>Test</th>
<th>Duration</th>
<th>Result</th>
</tr>
</thead>
<tr>
<td class="success">loginNegativeTestsEmptyEmailField</td>
<td class="success">4.315s</td>
<td class="success">passed</td>
</tr>
</table>
</div>
<div id="tab1" class="tab">
<h2>Standard output</h2>
<span class="code">
<pre>19:23:15.961 [Test worker] INFO  com.phonebook.tests.TestBase -- Start test loginNegativeTestsEmptyEmailField[]
19:23:15.986 [Test worker] INFO  com.phonebook.utils.MyListener -- Before find elementsBy.cssSelector: [href='/login']
19:23:15.988 [Test worker] INFO  com.phonebook.utils.MyListener -- *******************************************************************
19:23:16.284 [Test worker] INFO  com.phonebook.utils.MyListener -- List size is1
19:23:16.286 [Test worker] INFO  com.phonebook.utils.MyListener -- *******************************************************************
19:23:16.303 [Test worker] INFO  com.phonebook.utils.MyListener -- The locator will be foundBy.cssSelector: [href='/login']
19:23:16.307 [Test worker] INFO  com.phonebook.utils.MyListener -- *******************************************************************
19:23:16.634 [Test worker] INFO  com.phonebook.utils.MyListener -- The locator is foundBy.cssSelector: [href='/login']
19:23:16.636 [Test worker] INFO  com.phonebook.utils.MyListener -- *******************************************************************
19:23:17.601 [Test worker] INFO  com.phonebook.utils.MyListener -- The locator will be foundBy.name: password
19:23:17.603 [Test worker] INFO  com.phonebook.utils.MyListener -- *******************************************************************
19:23:17.951 [Test worker] INFO  com.phonebook.utils.MyListener -- The locator is foundBy.name: password
19:23:17.951 [Test worker] INFO  com.phonebook.utils.MyListener -- *******************************************************************
19:23:18.487 [Test worker] INFO  com.phonebook.utils.MyListener -- The locator will be foundBy.name: password
19:23:18.488 [Test worker] INFO  com.phonebook.utils.MyListener -- *******************************************************************
19:23:18.643 [Test worker] INFO  com.phonebook.utils.MyListener -- The locator is foundBy.name: password
19:23:18.643 [Test worker] INFO  com.phonebook.utils.MyListener -- *******************************************************************
19:23:18.819 [Test worker] INFO  com.phonebook.utils.MyListener -- The locator will be foundBy.name: password
19:23:18.819 [Test worker] INFO  com.phonebook.utils.MyListener -- *******************************************************************
19:23:18.875 [Test worker] INFO  com.phonebook.utils.MyListener -- The locator is foundBy.name: password
19:23:18.877 [Test worker] INFO  com.phonebook.utils.MyListener -- *******************************************************************
19:23:19.053 [Test worker] INFO  com.phonebook.utils.MyListener -- The locator will be foundBy.name: login
19:23:19.054 [Test worker] INFO  com.phonebook.utils.MyListener -- *******************************************************************
19:23:19.117 [Test worker] INFO  com.phonebook.utils.MyListener -- The locator is foundBy.name: login
19:23:19.118 [Test worker] INFO  com.phonebook.utils.MyListener -- *******************************************************************
19:23:19.370 [Test worker] INFO  com.phonebook.utils.MyListener -- The test has a problem
19:23:19.371 [Test worker] INFO  com.phonebook.utils.MyListener -- *******************************************************************
19:23:19.372 [Test worker] INFO  com.phonebook.utils.MyListener -- Method--&gt;alert
19:23:19.373 [Test worker] INFO  com.phonebook.utils.MyListener -- *******************************************************************
19:23:19.399 [Test worker] INFO  com.phonebook.utils.MyListener -- Target Exception--&gt;org.openqa.selenium.NoAlertPresentException: no such alert
  (Session info: chrome=135.0.7049.115)
Build info: version: '4.26.0', revision: '8ccf0219d7'
System info: os.name: 'Windows 10', os.arch: 'amd64', os.version: '10.0', java.version: '17.0.14'
Driver info: org.openqa.selenium.chrome.ChromeDriver
Command: [056c2c2d5c2f321f04da30a7df352693, getAlertText {}]
Capabilities {acceptInsecureCerts: false, browserName: chrome, browserVersion: 135.0.7049.115, chrome: {chromedriverVersion: 135.0.7049.114 (63fd8a7d9d0..., userDataDir: C:\Users\winte\AppData\Loca...}, fedcm:accounts: true, goog:chromeOptions: {debuggerAddress: localhost:52688}, networkConnectionEnabled: false, pageLoadStrategy: normal, platformName: windows, proxy: Proxy(), se:cdp: ws://localhost:52688/devtoo..., se:cdpVersion: 135.0.7049.115, setWindowRect: true, strictFileInteractability: false, timeouts: {implicit: 0, pageLoad: 300000, script: 30000}, unhandledPromptBehavior: dismiss and notify, webauthn:extension:credBlob: true, webauthn:extension:largeBlob: true, webauthn:extension:minPinLength: true, webauthn:extension:prf: true, webauthn:virtualAuthenticators: true}
Session ID: 056c2c2d5c2f321f04da30a7df352693
19:23:19.404 [Test worker] INFO  com.phonebook.utils.MyListener -- *******************************************************************
19:23:19.405 [Test worker] INFO  com.phonebook.utils.MyListener -- Object target--&gt;org.openqa.selenium.remote.RemoteWebDriver$RemoteTargetLocator@60c73e58
19:23:19.406 [Test worker] INFO  com.phonebook.utils.MyListener -- *******************************************************************
19:23:19.963 [Test worker] INFO  com.phonebook.utils.MyListener -- The test has a problem
19:23:19.964 [Test worker] INFO  com.phonebook.utils.MyListener -- *******************************************************************
19:23:19.965 [Test worker] INFO  com.phonebook.utils.MyListener -- Method--&gt;alert
19:23:19.966 [Test worker] INFO  com.phonebook.utils.MyListener -- *******************************************************************
19:23:19.967 [Test worker] INFO  com.phonebook.utils.MyListener -- Target Exception--&gt;org.openqa.selenium.NoAlertPresentException: no such alert
  (Session info: chrome=135.0.7049.115)
Build info: version: '4.26.0', revision: '8ccf0219d7'
System info: os.name: 'Windows 10', os.arch: 'amd64', os.version: '10.0', java.version: '17.0.14'
Driver info: org.openqa.selenium.chrome.ChromeDriver
Command: [056c2c2d5c2f321f04da30a7df352693, getAlertText {}]
Capabilities {acceptInsecureCerts: false, browserName: chrome, browserVersion: 135.0.7049.115, chrome: {chromedriverVersion: 135.0.7049.114 (63fd8a7d9d0..., userDataDir: C:\Users\winte\AppData\Loca...}, fedcm:accounts: true, goog:chromeOptions: {debuggerAddress: localhost:52688}, networkConnectionEnabled: false, pageLoadStrategy: normal, platformName: windows, proxy: Proxy(), se:cdp: ws://localhost:52688/devtoo..., se:cdpVersion: 135.0.7049.115, setWindowRect: true, strictFileInteractability: false, timeouts: {implicit: 0, pageLoad: 300000, script: 30000}, unhandledPromptBehavior: dismiss and notify, webauthn:extension:credBlob: true, webauthn:extension:largeBlob: true, webauthn:extension:minPinLength: true, webauthn:extension:prf: true, webauthn:virtualAuthenticators: true}
Session ID: 056c2c2d5c2f321f04da30a7df352693
19:23:19.969 [Test worker] INFO  com.phonebook.utils.MyListener -- *******************************************************************
19:23:19.970 [Test worker] INFO  com.phonebook.utils.MyListener -- Object target--&gt;org.openqa.selenium.remote.RemoteWebDriver$RemoteTargetLocator@4b4ee511
19:23:19.970 [Test worker] INFO  com.phonebook.utils.MyListener -- *******************************************************************
19:23:20.616 [Test worker] INFO  com.phonebook.tests.TestBase -- PASSED: loginNegativeTestsEmptyEmailField
19:23:20.616 [Test worker] INFO  com.phonebook.tests.TestBase -- Stop test
19:23:20.617 [Test worker] INFO  com.phonebook.tests.TestBase -- =============================================
</pre>
</span>
</div>
</div>
<div id="footer">
<p>
<div>
<label class="hidden" id="label-for-line-wrapping-toggle" for="line-wrapping-toggle">Wrap lines
<input id="line-wrapping-toggle" type="checkbox" autocomplete="off"/>
</label>
</div>Generated by 
<a href="http://www.gradle.org">Gradle 8.10</a> at Apr 28, 2025, 7:23:21 PM</p>
</div>
</div>
</body>
</html>
